<?xml version="1.0" encoding="UTF-8"?>
<testng-results ignored="0" total="1" passed="1" failed="0" skipped="0">
  <reporter-output>
  </reporter-output>
  <suite started-at="2021-05-28T16:01:44 EET" name="Default suite" finished-at="2021-05-28T16:02:18 EET" duration-ms="34476">
    <groups>
    </groups>
    <test started-at="2021-05-28T16:01:44 EET" name="Default test" finished-at="2021-05-28T16:02:18 EET" duration-ms="34476">
      <class name="com.assignment.tests.ValidLoginTest">
        <test-method is-config="true" signature="setUp()[pri:0, instance:com.assignment.tests.ValidLoginTest@78aab498]" started-at="2021-05-28T16:01:44 EET" name="setUp" finished-at="2021-05-28T16:01:44 EET" duration-ms="166" status="PASS">
          <reporter-output>
          </reporter-output>
        </test-method> <!-- setUp -->
        <test-method signature="signIn(java.lang.String, java.lang.String, java.lang.String, java.lang.String, java.lang.String)[pri:0, instance:com.assignment.tests.ValidLoginTest@78aab498]" started-at="2021-05-28T16:01:45 EET" name="signIn" data-provider="LogInSheetValid" finished-at="2021-05-28T16:02:18 EET" duration-ms="33726" status="PASS">
          <params>
            <param index="0">
              <value>
                <![CDATA[AutomationPractice_ValidLogIn_001]]>
              </value>
            </param>
            <param index="1">
              <value>
                <![CDATA[SignIn with Valid Credentials]]>
              </value>
            </param>
            <param index="2">
              <value>
                <![CDATA[moust_1@gmail.com]]>
              </value>
            </param>
            <param index="3">
              <value>
                <![CDATA[asdfg]]>
              </value>
            </param>
            <param index="4">
              <value>
                <![CDATA[Welcome to your account. Here you can manage all of your personal information and orders.]]>
              </value>
            </param>
          </params>
          <reporter-output>
          </reporter-output>
        </test-method> <!-- signIn -->
        <test-method is-config="true" signature="getResult(org.testng.ITestResult)[pri:0, instance:com.assignment.tests.ValidLoginTest@78aab498]" started-at="2021-05-28T16:02:18 EET" name="getResult" finished-at="2021-05-28T16:02:18 EET" duration-ms="14" status="PASS">
          <params>
            <param index="0">
              <value>
                <![CDATA[[TestResult name=signIn status=SUCCESS method=ValidLoginTest.signIn(java.lang.String, java.lang.String, java.lang.String, java.lang.String, java.lang.String)[pri:0, instance:com.assignment.tests.ValidLoginTest@78aab498] output={null}]]]>
              </value>
            </param>
          </params>
          <reporter-output>
          </reporter-output>
        </test-method> <!-- getResult -->
        <test-method is-config="true" signature="tearDown()[pri:0, instance:com.assignment.tests.ValidLoginTest@78aab498]" started-at="2021-05-28T16:02:18 EET" name="tearDown" finished-at="2021-05-28T16:02:19 EET" duration-ms="348" status="PASS">
          <reporter-output>
          </reporter-output>
        </test-method> <!-- tearDown -->
      </class> <!-- com.assignment.tests.ValidLoginTest -->
    </test> <!-- Default test -->
  </suite> <!-- Default suite -->
</testng-results>
